<?xml version="1.0" encoding="utf-8"?><testsuites><testsuite name="pytest" errors="0" failures="1" skipped="739" tests="1207" time="139.213" timestamp="2025-02-20T20:40:34.650462" hostname="tt-metal-ci-vm-2"><testcase classname="tests.ttnn.unit_tests.operations.test_examples" name="test_composite_example_multiple_return[return_outputs=[False, True]-width=128-height=64]" time="0.021"><properties><property name="start_timestamp" value="2025-02-20T20:42:53" /><property name="end_timestamp" value="2025-02-20T20:42:53" /></properties></testcase><testcase classname="tests.ttnn.unit_tests.operations.test_examples" name="test_composite_example_multiple_return[return_outputs=[True, False]-width=128-height=64]" time="0.018"><properties><property name="start_timestamp" value="2025-02-20T20:42:53" /><property name="end_timestamp" value="2025-02-20T20:42:53" /></properties></testcase><testcase classname="tests.ttnn.unit_tests.operations.test_examples" name="test_composite_example_multiple_return[return_outputs=[True, True]-width=128-height=64]" time="0.021"><properties><property name="start_timestamp" value="2025-02-20T20:42:53" /><property name="end_timestamp" value="2025-02-20T20:42:53" /></properties></testcase><testcase classname="tests.ttnn.unit_tests.operations.test_examples" name="test_do_not_submit" time="0.002"><properties><property name="start_timestamp" value="2025-02-20T20:42:53" /><property name="end_timestamp" value="2025-02-20T20:42:53" /></properties><failure message="assert True == False">def test_do_not_submit():
&gt;       assert True == False
E       assert True == False

tests/ttnn/unit_tests/operations/test_examples.py:107: AssertionError</failure></testcase></testsuite></testsuites>
